{"/Users/chidinmaezekwe/Desktop/merry-ah-frontend/src/App.jsx": {"path":"/Users/chidinmaezekwe/Desktop/merry-ah-frontend/src/App.jsx","statementMap":{"0":{"start":{"line":8,"column":4},"end":{"line":15,"column":5}}},"fnMap":{"0":{"name":"(anonymous_0)","decl":{"start":{"line":7,"column":2},"end":{"line":7,"column":3}},"loc":{"start":{"line":7,"column":11},"end":{"line":16,"column":3}},"line":7}},"branchMap":{},"s":{"0":1},"f":{"0":1},"b":{},"_coverageSchema":"43e27e138ebf9cfc5966b082cf9a028302ed4184","hash":"132b0934224beb656c46c7a2e0b76a05cce49996"}
,"/Users/chidinmaezekwe/Desktop/merry-ah-frontend/src/components/Home.jsx": {"path":"/Users/chidinmaezekwe/Desktop/merry-ah-frontend/src/components/Home.jsx","statementMap":{"0":{"start":{"line":5,"column":6},"end":{"line":9,"column":7}}},"fnMap":{"0":{"name":"(anonymous_0)","decl":{"start":{"line":4,"column":4},"end":{"line":4,"column":5}},"loc":{"start":{"line":4,"column":13},"end":{"line":10,"column":5}},"line":4}},"branchMap":{},"s":{"0":0},"f":{"0":0},"b":{},"_coverageSchema":"43e27e138ebf9cfc5966b082cf9a028302ed4184","hash":"a2a7eeeb1d6055b844ad50c96eaf1bb8b5023099"}
,"/Users/chidinmaezekwe/Desktop/merry-ah-frontend/src/components/Login.jsx": {"path":"/Users/chidinmaezekwe/Desktop/merry-ah-frontend/src/components/Login.jsx","statementMap":{"0":{"start":{"line":5,"column":6},"end":{"line":9,"column":7}}},"fnMap":{"0":{"name":"(anonymous_0)","decl":{"start":{"line":4,"column":4},"end":{"line":4,"column":5}},"loc":{"start":{"line":4,"column":13},"end":{"line":10,"column":5}},"line":4}},"branchMap":{},"s":{"0":0},"f":{"0":0},"b":{},"_coverageSchema":"43e27e138ebf9cfc5966b082cf9a028302ed4184","hash":"cdb3602b50a07f6faa526f9b6899dcb4a43d0a9e"}
,"/Users/chidinmaezekwe/Desktop/merry-ah-frontend/src/components/Menu.jsx": {"path":"/Users/chidinmaezekwe/Desktop/merry-ah-frontend/src/components/Menu.jsx","statementMap":{"0":{"start":{"line":6,"column":4},"end":{"line":13,"column":5}}},"fnMap":{"0":{"name":"(anonymous_0)","decl":{"start":{"line":5,"column":2},"end":{"line":5,"column":3}},"loc":{"start":{"line":5,"column":11},"end":{"line":14,"column":3}},"line":5}},"branchMap":{},"s":{"0":0},"f":{"0":0},"b":{},"_coverageSchema":"43e27e138ebf9cfc5966b082cf9a028302ed4184","hash":"8f1f6532250385f85c154fc2acfe94c0515b99a0"}
,"/Users/chidinmaezekwe/Desktop/merry-ah-frontend/src/components/NotFound.jsx": {"path":"/Users/chidinmaezekwe/Desktop/merry-ah-frontend/src/components/NotFound.jsx","statementMap":{"0":{"start":{"line":3,"column":17},"end":{"line":7,"column":1}},"1":{"start":{"line":4,"column":4},"end":{"line":6,"column":10}}},"fnMap":{"0":{"name":"(anonymous_0)","decl":{"start":{"line":3,"column":17},"end":{"line":3,"column":18}},"loc":{"start":{"line":4,"column":4},"end":{"line":6,"column":10}},"line":4}},"branchMap":{},"s":{"0":1,"1":0},"f":{"0":0},"b":{},"_coverageSchema":"43e27e138ebf9cfc5966b082cf9a028302ed4184","hash":"fe36693a3042d3dbbdb5a5507c3505801cf085f4"}
,"/Users/chidinmaezekwe/Desktop/merry-ah-frontend/src/components/Routes.jsx": {"path":"/Users/chidinmaezekwe/Desktop/merry-ah-frontend/src/components/Routes.jsx","statementMap":{"0":{"start":{"line":7,"column":15},"end":{"line":13,"column":1}},"1":{"start":{"line":8,"column":4},"end":{"line":12,"column":13}}},"fnMap":{"0":{"name":"(anonymous_0)","decl":{"start":{"line":7,"column":15},"end":{"line":7,"column":16}},"loc":{"start":{"line":8,"column":4},"end":{"line":12,"column":13}},"line":8}},"branchMap":{},"s":{"0":1,"1":0},"f":{"0":0},"b":{},"_coverageSchema":"43e27e138ebf9cfc5966b082cf9a028302ed4184","hash":"df56bef331d243b8010586bb8f66260018c99b0e"}
}
