TN:
SF:/Users/chidinmaezekwe/Desktop/merry-ah-frontend/src/App.jsx
FN:7,(anonymous_0)
FNF:1
FNH:1
FNDA:1,(anonymous_0)
DA:8,1
LF:1
LH:1
BRF:0
BRH:0
end_of_record
TN:
SF:/Users/chidinmaezekwe/Desktop/merry-ah-frontend/src/components/Home.jsx
FN:4,(anonymous_0)
FNF:1
FNH:0
FNDA:0,(anonymous_0)
DA:5,0
LF:1
LH:0
BRF:0
BRH:0
end_of_record
TN:
SF:/Users/chidinmaezekwe/Desktop/merry-ah-frontend/src/components/Login.jsx
FN:4,(anonymous_0)
FNF:1
FNH:0
FNDA:0,(anonymous_0)
DA:5,0
LF:1
LH:0
BRF:0
BRH:0
end_of_record
TN:
SF:/Users/chidinmaezekwe/Desktop/merry-ah-frontend/src/components/Menu.jsx
FN:5,(anonymous_0)
FNF:1
FNH:0
FNDA:0,(anonymous_0)
DA:6,0
LF:1
LH:0
BRF:0
BRH:0
end_of_record
TN:
SF:/Users/chidinmaezekwe/Desktop/merry-ah-frontend/src/components/NotFound.jsx
FN:3,(anonymous_0)
FNF:1
FNH:0
FNDA:0,(anonymous_0)
DA:3,1
DA:4,0
LF:2
LH:1
BRF:0
BRH:0
end_of_record
TN:
SF:/Users/chidinmaezekwe/Desktop/merry-ah-frontend/src/components/Routes.jsx
FN:7,(anonymous_0)
FNF:1
FNH:0
FNDA:0,(anonymous_0)
DA:7,1
DA:8,0
LF:2
LH:1
BRF:0
BRH:0
end_of_record
